2015/12/23 22:33:41 Starting CLI!
2015/12/23 22:33:41 Error in parameter handling
2015/12/23 22:33:42 URL to check: https://eksisozluk.com/asd--34207?p=1
2015/12/23 22:33:42 Closing CLI..
2015/12/23 22:34:10 Starting CLI!
2015/12/23 22:34:10 Error in parameter handling
2015/12/23 22:34:10 URL to check: https://eksisozluk.com/asd--34207?p=1
2015/12/23 22:34:10 Closing CLI..
2015/12/23 22:42:19 Starting CLI!
2015/12/23 22:42:19 Closing CLI..
2015/12/23 22:42:28 Starting CLI!
2015/12/23 22:42:28 Checking URL: https://eksisozluk.com/basliklar/populer?p=1
2015/12/23 22:42:30 Closing CLI..
2015/12/23 22:42:38 Starting CLI!
2015/12/23 22:42:38 URL to check: https://eksisozluk.com/?q=-asd?p=1
2015/12/23 22:42:38 Closing CLI..
2015/12/23 22:42:41 Starting CLI!
2015/12/23 22:42:41 Closing CLI..
2015/12/23 22:44:17 Starting CLI!
2015/12/23 22:44:17 Closing CLI..
2015/12/23 22:44:59 Starting CLI!
2015/12/23 22:44:59 Closing CLI..
2015/12/23 22:45:01 Starting CLI!
2015/12/23 22:45:02 URL to check: https://eksisozluk.com/?q=-asd?p=1
2015/12/23 22:45:02 Closing CLI..
2015/12/23 22:45:09 Starting CLI!
2015/12/23 22:45:09 Closing CLI..
2015/12/23 22:45:37 Starting CLI!
2015/12/23 22:45:37 Closing CLI..
2015/12/23 22:46:05 Starting CLI!
2015/12/23 22:46:05 Checking URL: https://eksisozluk.com/basliklar/populer?p=1
2015/12/23 22:46:11 Closing CLI..
2015/12/23 22:46:14 Starting CLI!
2015/12/23 22:46:14 Closing CLI..
2015/12/23 22:46:24 Starting CLI!
2015/12/23 22:46:24 Closing CLI..
2015/12/23 22:47:48 Starting CLI!
2015/12/23 22:47:48 Closing CLI..
2015/12/23 22:48:13 Starting CLI!
2015/12/23 22:49:15 Starting CLI!
2015/12/23 22:49:15 Closing CLI..
2015/12/23 22:50:05 Starting CLI!
2015/12/23 22:50:05 Closing CLI..
2015/12/23 22:50:08 Starting CLI!
2015/12/23 22:50:09 URL to check: https://eksisozluk.com/asd--34207?p=1
2015/12/23 22:50:09 Closing CLI..
2015/12/23 22:50:12 Starting CLI!
2015/12/23 22:50:12 Closing CLI..
2015/12/23 22:50:44 Starting CLI!
2015/12/23 22:50:44 Closing CLI..
2015/12/23 22:50:49 Starting CLI!
2015/12/23 22:50:50 URL to check: https://eksisozluk.com/asd--34207?p=1
2015/12/23 22:50:50 Closing CLI..
2015/12/23 22:50:56 Starting CLI!
2015/12/23 22:50:56 Closing CLI..
2015/12/23 22:52:33 Starting CLI!
2015/12/23 22:52:33 Closing CLI..
2015/12/23 22:52:48 Starting CLI!
2015/12/23 22:52:48 URL to check: https://eksisozluk.com/asd--34207?p=1
2015/12/23 22:52:48 Closing CLI..
2015/12/23 22:56:13 Starting CLI!
2015/12/23 22:56:15 URL to check: https://eksisozluk.com/asd--34207?p=1
2015/12/23 22:56:15 Closing CLI..
2015/12/23 22:56:20 Starting CLI!
2015/12/23 22:56:20 Closing CLI..
2015/12/23 22:56:27 Starting CLI!
2015/12/23 22:56:27 Closing CLI..
2015/12/23 22:56:40 Starting CLI!
2015/12/23 22:56:40 Closing CLI..
2015/12/23 22:56:48 Starting CLI!
2015/12/23 22:56:48 Closing CLI..
2015/12/23 22:56:51 Starting CLI!
2015/12/23 22:56:51 Checking URL: https://eksisozluk.com/basliklar/populer?p=1
2015/12/23 22:56:51 Closing CLI..
2015/12/23 22:56:54 Starting CLI!
2015/12/23 22:56:54 Checking URL: https://eksisozluk.com/debe
2015/12/23 22:56:55 URL to check: https://eksisozluk.com/?q=%c3%a7ocu%c4%9fu+anne+b%c3%bcy%c3%bct%c3%bcr+b%c4%b1rak%c4%b1n+%c5%9fu+kariyer+tribini%2f%2357149218
2015/12/23 22:56:55 URL to check: https://eksisozluk.com/?q=1800+y%c4%b1ll%c4%b1k+roma+s%c3%bctununa+isim+kaz%c4%b1mak%2f%2357151228
2015/12/23 22:56:55 URL to check: https://eksisozluk.com/?q=gezi%27nin+gaz%c4%b1na+gelenlerin+y%c3%bcrek+yakan+%c3%b6yk%c3%bcs%c3%bc%2f%2357158239
2015/12/23 22:56:55 URL to check: https://eksisozluk.com/?q=d%c3%bc%c4%9f%c3%bcn+dernek+2%27nin+star+wars%27%c4%b1+gi%c5%9fede+g%c3%b6mmesi%2f%2357146311
2015/12/23 22:56:55 URL to check: https://eksisozluk.com/?q=kendisini+bulan+takip%c3%a7isini+if%c5%9fa+eden+t%c3%bcrk+k%c4%b1z%c4%b1%2f%2357149757
2015/12/23 22:56:55 URL to check: https://eksisozluk.com/?q=22+aral%c4%b1k+2015+mustafa+pektemek%27in+d%c3%bc%c4%9f%c3%bcn%c3%bc%2f%2357149071
2015/12/23 22:56:55 URL to check: https://eksisozluk.com/?q=steam%2f%2357144872
2015/12/23 22:56:55 URL to check: https://eksisozluk.com/?q=elon+musk%2f%2357150718
2015/12/23 22:56:55 URL to check: https://eksisozluk.com/?q=d%c4%b1%c5%9f+hatlara+gidip+s%c4%b1radaki+u%c3%a7a%c4%9fa+bilet+almak%2f%2357146940
2015/12/23 22:56:55 URL to check: https://eksisozluk.com/?q=22+aral%c4%b1k+2015+odt%c3%bc+k%c3%bct%c3%bcphanesi+mescidindeki+olay%2f%2357151839
2015/12/23 22:56:55 URL to check: https://eksisozluk.com/?q=y%c4%b1lba%c5%9f%c4%b1+kutlamak+bizim+k%c3%bclt%c3%bcr%c3%bcm%c3%bczde+yoktur%2f%2357150616
2015/12/23 22:56:55 URL to check: https://eksisozluk.com/?q=yavrusunu+b%c3%bcy%c3%bctmeyip+bak%c4%b1c%c4%b1+tutan+di%c5%9fi+hayvan%2f%2357155247
2015/12/23 22:56:56 URL to check: https://eksisozluk.com/?q=t%c3%bcrkiye+%c3%a7ocuk+pornosu+aramas%c4%b1nda+birinci+s%c4%b1rada%2f%2357144021
2015/12/23 22:56:56 URL to check: https://eksisozluk.com/?q=istanbul%27da+7.4+b%c3%bcy%c3%bckl%c3%bc%c4%9f%c3%bcnde+deprem+olabilir%2f%2357158940
2015/12/23 22:56:56 URL to check: https://eksisozluk.com/?q=t%c3%bcrk+tarihinin+en+anlams%c4%b1z+hareketi%2f%2357161424
2015/12/23 22:56:56 URL to check: https://eksisozluk.com/?q=dost+ile+arkada%c5%9f+aras%c4%b1ndaki+farklar%2f%2357155555
2015/12/23 22:56:56 URL to check: https://eksisozluk.com/?q=22+aral%c4%b1k+2015+polisin+2+kad%c4%b1n%c4%b1+%c3%b6ld%c3%bcrmesi%2f%2357144507
2015/12/23 22:56:56 URL to check: https://eksisozluk.com/?q=23+aral%c4%b1k+2015+sabiha+g%c3%b6k%c3%a7en%27deki+patlamalar%2f%2357165850
2015/12/23 22:56:56 URL to check: https://eksisozluk.com/?q=erkek+arkada%c5%9f%c4%b1n+erkek+karde%c5%9fiyle+sevi%c5%9fmek%2f%2357158420
2015/12/23 22:56:56 URL to check: https://eksisozluk.com/?q=okullarda+15+tatilin+30+g%c3%bcne+%c3%a7%c4%b1kar%c4%b1lmas%c4%b1%2f%2357149029
2015/12/23 22:56:56 URL to check: https://eksisozluk.com/?q=2050+y%c4%b1l%c4%b1+olas%c4%b1+s%c3%b6zl%c3%bck+ba%c5%9fl%c4%b1klar%c4%b1%2f%2357144710
2015/12/23 22:56:56 URL to check: https://eksisozluk.com/?q=eminem%27in+intihar+etmesi%2f%2357159512
2015/12/23 22:56:56 URL to check: https://eksisozluk.com/?q=22+aral%c4%b1k+2015+dolar+kuru%2f%2357144263
2015/12/23 22:56:56 URL to check: https://eksisozluk.com/?q=kore+demokratik+halk+cumhuriyeti%2f%2357155219
2015/12/23 22:56:56 URL to check: https://eksisozluk.com/?q=fesle%c4%9fen+g%c3%b6r%c3%bcnce+hemen+elini+s%c3%bcren+tip%2f%2357153366
2015/12/23 22:56:56 URL to check: https://eksisozluk.com/?q=mario+gomez%2f%2357146996
2015/12/23 22:56:56 URL to check: https://eksisozluk.com/?q=s%c3%bcm%c3%bckl%c3%bc+b%c3%b6ce%c4%9fin+jiletin+%c3%bcst%c3%bcnden+ge%c3%a7mesi%2f%2357145723
2015/12/23 22:56:57 URL to check: https://eksisozluk.com/?q=baba+paras%c4%b1yla+kad%c4%b1k%c3%b6y%27de+kafe+a%c3%a7mak%2f%2357154633
2015/12/23 22:56:59 URL to check: https://eksisozluk.com/?q=gri+e%c5%9fofman+alt%c4%b1ndan+belli+olan+pipi%2f%2357157841
2015/12/23 22:57:01 URL to check: https://eksisozluk.com/?q=biz+babadan+b%c3%b6yle+g%c3%b6rd%c3%bck%27%c3%bcn+ingilizcesi%2f%2357159444
2015/12/23 22:57:03 URL to check: https://eksisozluk.com/?q=22+aral%c4%b1k+2015+fad%c4%b1l+akg%c3%bcnd%c3%bcz%27%c3%bcn+tutuklanmas%c4%b1%2f%2357145879
2015/12/23 22:57:05 URL to check: https://eksisozluk.com/?q=facebook%27ta+tan%c4%b1%c5%9fmak+i%c3%a7in+at%c4%b1lan+ilk+mesaj%2f%2357146752
2015/12/23 22:57:07 URL to check: https://eksisozluk.com/?q=%c3%a7imlere+basman%c4%b1n+yasak+olmas%c4%b1n%c4%b1n+nedeni%2f%2357153716
2015/12/23 22:57:09 URL to check: https://eksisozluk.com/?q=tesislere+ilk+o+gelir+en+son+o+ayr%c4%b1l%c4%b1rd%c4%b1%2f%2357152289
2015/12/23 22:57:11 URL to check: https://eksisozluk.com/?q=sevilen+k%c4%b1za+bakire+misin+diye+sorma+s%c3%bcreci%2f%2357155716
2015/12/23 22:57:11 URL to check: https://eksisozluk.com/?q=franz+kafka%2f%2357144382
2015/12/23 22:57:11 URL to check: https://eksisozluk.com/?q=kad%c4%b1nlar%c4%b1n+hi%c3%a7+seksapelli+i%c3%a7+%c3%a7ama%c5%9f%c4%b1r%c4%b1+giymemesi%2f%2357163035
2015/12/23 22:57:11 URL to check: https://eksisozluk.com/?q=sarho%c5%9f+olundu%c4%9funun+anla%c5%9f%c4%b1ld%c4%b1%c4%9f%c4%b1+an%2f%2357144066
2015/12/23 22:57:11 URL to check: https://eksisozluk.com/?q=kedinin+t%c4%b1rnaklar%c4%b1n%c4%b1+ald%c4%b1rmak%2f%2357163126
2015/12/23 22:57:11 URL to check: https://eksisozluk.com/?q=yamuk+2%27li+olmasayd%c4%b1n+olmazd%c4%b1k+afi%c5%9fi%2f%2357149132
2015/12/23 22:57:11 URL to check: https://eksisozluk.com/?q=ayhan+sicimo%c4%9flu%2f%2357153133
2015/12/23 22:57:12 URL to check: https://eksisozluk.com/?q=be%c5%9fikta%c5%9f%2f%2357147093
2015/12/23 22:57:12 URL to check: https://eksisozluk.com/?q=%c3%a7ok+g%c3%bczel+bir+k%c4%b1z%c4%b1n+t%c3%bcrbana+girmesi%2f%2357158668
2015/12/23 22:57:12 URL to check: https://eksisozluk.com/?q=entry+h%c4%b1rs%c4%b1zlar%c4%b1%2f%2357152842
2015/12/23 22:57:12 URL to check: https://eksisozluk.com/?q=israil+hayom+gazetesinde+%c3%a7%c4%b1kan+erdo%c4%9fan+karikat%c3%bcr%c3%bc%2f%2357146888
2015/12/23 22:57:12 URL to check: https://eksisozluk.com/?q=spacex%2f%2357143459
2015/12/23 22:57:12 URL to check: https://eksisozluk.com/?q=osmanl%c4%b1spor%2f%2357144632
2015/12/23 22:57:12 URL to check: https://eksisozluk.com/?q=ne+yap%c4%b1yorum+lan+ben+burada+hissi%2f%2357147489
2015/12/23 22:57:13 Closing CLI..
2015/12/23 22:59:22 Starting CLI!
2015/12/23 22:59:22 Closing CLI..
2015/12/23 23:00:20 Starting CLI!
2015/12/23 23:00:20 Closing CLI with status: 1
2015/12/23 23:00:25 Starting CLI!
2015/12/23 23:00:25 Closing CLI with status: 1
